[INFO ] 2020-11-12 12:41:07.769 [main] ServiceKotlinTemplateApplicationKt - Starting ServiceKotlinTemplateApplicationKt on LAPTOP-QIN81B4G with PID 24724 (I:\deliverySchedule-validator\target\classes started by RaghavG2213 in I:\deliverySchedule-validator)
[INFO ] 2020-11-12 12:41:07.808 [main] ServiceKotlinTemplateApplicationKt - No active profile set, falling back to default profiles: default
[INFO ] 2020-11-12 12:42:05.912 [main] ServiceKotlinTemplateApplicationKt - Starting ServiceKotlinTemplateApplicationKt on LAPTOP-QIN81B4G with PID 8296 (I:\deliverySchedule-validator\target\classes started by RaghavG2213 in I:\deliverySchedule-validator)
[INFO ] 2020-11-12 12:42:05.960 [main] ServiceKotlinTemplateApplicationKt - No active profile set, falling back to default profiles: default
[INFO ] 2020-11-12 12:42:11.681 [main] ServiceKotlinTemplateApplicationKt - Started ServiceKotlinTemplateApplicationKt in 6.664 seconds (JVM running for 9.967)
[INFO ] 2020-11-12 12:42:24.196 [http-nio-8098-exec-2] Controller - Get All
[ERROR] 2020-11-12 12:42:27.828 [http-nio-8098-exec-2] ExceptionHandlers - [Ljava.lang.StackTraceElement;@28f9da37
[INFO ] 2020-11-12 12:45:30.067 [main] ServiceKotlinTemplateApplicationKt - Starting ServiceKotlinTemplateApplicationKt on LAPTOP-QIN81B4G with PID 18700 (I:\deliverySchedule-validator\target\classes started by RaghavG2213 in I:\deliverySchedule-validator)
[INFO ] 2020-11-12 12:45:30.099 [main] ServiceKotlinTemplateApplicationKt - No active profile set, falling back to default profiles: default
[INFO ] 2020-11-12 12:45:36.278 [main] ServiceKotlinTemplateApplicationKt - Started ServiceKotlinTemplateApplicationKt in 6.974 seconds (JVM running for 10.336)
[INFO ] 2020-11-12 12:45:42.409 [http-nio-8098-exec-1] Controller - Get All
[INFO ] 2020-11-12 12:46:21.056 [http-nio-8098-exec-3] Controller - Get All
[INFO ] 2020-11-12 12:49:40.268 [main] ServiceKotlinTemplateApplicationKt - Starting ServiceKotlinTemplateApplicationKt on LAPTOP-QIN81B4G with PID 13216 (I:\deliverySchedule-validator\target\classes started by RaghavG2213 in I:\deliverySchedule-validator)
[INFO ] 2020-11-12 12:49:40.314 [main] ServiceKotlinTemplateApplicationKt - No active profile set, falling back to default profiles: default
[INFO ] 2020-11-12 12:49:46.624 [main] ServiceKotlinTemplateApplicationKt - Started ServiceKotlinTemplateApplicationKt in 7.223 seconds (JVM running for 10.319)
[INFO ] 2020-11-12 12:58:02.397 [main] ServiceKotlinTemplateApplicationKt - Starting ServiceKotlinTemplateApplicationKt on LAPTOP-QIN81B4G with PID 7296 (I:\deliverySchedule-validator\target\classes started by RaghavG2213 in I:\deliverySchedule-validator)
[INFO ] 2020-11-12 12:58:02.423 [main] ServiceKotlinTemplateApplicationKt - No active profile set, falling back to default profiles: default
[INFO ] 2020-11-12 12:58:06.785 [main] ServiceKotlinTemplateApplicationKt - Started ServiceKotlinTemplateApplicationKt in 5.011 seconds (JVM running for 7.981)
[INFO ] 2020-11-12 12:58:10.700 [http-nio-8098-exec-2] Controller - Get All
[INFO ] 2020-11-12 12:58:21.488 [http-nio-8098-exec-3] Controller - Get All
[ERROR] 2020-11-12 12:58:21.503 [http-nio-8098-exec-3] ExceptionHandlers - [Ljava.lang.StackTraceElement;@2a1f9d5c
[INFO ] 2020-11-12 15:50:16.639 [main] ServiceKotlinTemplateApplicationKt - Starting ServiceKotlinTemplateApplicationKt on LAPTOP-QIN81B4G with PID 6100 (I:\deliverySchedule-validator\target\classes started by RaghavG2213 in I:\deliverySchedule-validator)
[INFO ] 2020-11-12 15:50:16.663 [main] ServiceKotlinTemplateApplicationKt - No active profile set, falling back to default profiles: default
[INFO ] 2020-11-12 15:50:20.715 [main] ServiceKotlinTemplateApplicationKt - Started ServiceKotlinTemplateApplicationKt in 4.655 seconds (JVM running for 6.858)
[INFO ] 2020-11-12 15:50:26.237 [http-nio-8098-exec-2] Controller - Get All
[INFO ] 2020-11-12 15:50:40.204 [http-nio-8098-exec-3] Controller - Get All
[ERROR] 2020-11-12 15:51:35.726 [http-nio-8098-exec-4] ExceptionHandlers - [Ljava.lang.StackTraceElement;@48921650
[INFO ] 2020-11-12 15:51:42.466 [http-nio-8098-exec-6] Controller - Get All
[INFO ] 2020-11-12 15:51:52.476 [http-nio-8098-exec-7] Controller - Get All
